<?xml version="1.0" encoding="UTF-8"?>
<!-- Generated by org.testng.reporters.JUnitXMLReporter -->
<testsuite ignored="0" hostname="DESKTOP-6U77UJE" failures="0" tests="2" name="Test" time="0.049" errors="0" timestamp="2021-07-25T18:40:13 IST">
  <testcase classname="automationTask.flipKartTest" name="@BeforeTest setup" time="-1.627218613467E9">
    <failure type="org.testng.TestNGException" message="
Parameter &amp;apos;browser&amp;apos; is required by BeforeTest on method setup but has not been marked @Optional or defined
in D:\eclipse-workspace\SeleniumAutomation\testng.xml">
      <![CDATA[org.testng.TestNGException: 
Parameter 'browser' is required by BeforeTest on method setup but has not been marked @Optional or defined
in D:\eclipse-workspace\SeleniumAutomation\testng.xml
... Removed 21 stack frames]]>
    </failure>
  </testcase> <!-- @BeforeTest setup -->
  <testcase classname="demo.flipkartTest" name="@BeforeTest setup" time="-1.627218613477E9">
    <skipped/>
  </testcase> <!-- @BeforeTest setup -->
  <testcase classname="demo.flipkartTest" name="function" time="0.0">
    <skipped/>
  </testcase> <!-- function -->
  <testcase classname="automationTask.flipKartTest" name="function" time="0.0">
    <skipped/>
  </testcase> <!-- function -->
</testsuite> <!-- Test -->
